<?xml version="1.0" encoding="UTF-8"?>
<!-- Generated by org.testng.reporters.JUnitXMLReporter -->
<testsuite ignored="0" hostname="BLRIDC30192062" failures="0" tests="3" name="Test" time="37.194" errors="0" timestamp="18 Jul 2018 15:57:04 GMT">
  <testcase classname="script.ValidLogin" name="testValidLogin" time="0.797"/>
  <testcase classname="script.InvalidLogin" name="testInvalidLogin" time="6.865"/>
  <testcase classname="script.VerifyProductVersion" name="testVerifyProdcutVersion" time="6.583"/>
</testsuite> <!-- Test -->
