<?xml version="1.0" encoding="UTF-8"?>
<testng-results ignored="0" total="1" passed="1" failed="0" skipped="0">
  <reporter-output>
    <line>
      <![CDATA[testVerifyProdcutVersion Is Passed]]>
    </line>
  </reporter-output>
  <suite started-at="2018-07-18T15:43:28Z" name="Default suite" finished-at="2018-07-18T15:43:42Z" duration-ms="13837">
    <groups>
      <group name="login">
        <method signature="VerifyProductVersion.testVerifyProdcutVersion()[pri:3, instance:script.VerifyProductVersion@672872e1]" name="testVerifyProdcutVersion" class="script.VerifyProductVersion"/>
      </group> <!-- login -->
    </groups>
    <test started-at="2018-07-18T15:43:28Z" name="Default test" finished-at="2018-07-18T15:43:42Z" duration-ms="13837">
      <class name="script.VerifyProductVersion">
        <test-method is-config="true" signature="OpenApp()[pri:0, instance:script.VerifyProductVersion@672872e1]" started-at="2018-07-18T15:43:28Z" name="OpenApp" finished-at="2018-07-18T15:43:32Z" duration-ms="4421" status="PASS">
          <reporter-output>
          </reporter-output>
        </test-method> <!-- OpenApp -->
        <test-method signature="testVerifyProdcutVersion()[pri:3, instance:script.VerifyProductVersion@672872e1]" started-at="2018-07-18T15:43:32Z" name="testVerifyProdcutVersion" finished-at="2018-07-18T15:43:39Z" duration-ms="7060" status="PASS">
          <reporter-output>
          </reporter-output>
        </test-method> <!-- testVerifyProdcutVersion -->
        <test-method is-config="true" signature="CloseApp(org.testng.ITestResult)[pri:0, instance:script.VerifyProductVersion@672872e1]" started-at="2018-07-18T15:43:39Z" name="CloseApp" finished-at="2018-07-18T15:43:42Z" duration-ms="2339" status="PASS">
          <params>
            <param index="0">
              <value>
                <![CDATA[[TestResult name=testVerifyProdcutVersion status=SUCCESS method=VerifyProductVersion.testVerifyProdcutVersion()[pri:3, instance:script.VerifyProductVersion@672872e1] output={null}]]]>
              </value>
            </param>
          </params>
          <reporter-output>
            <line>
              <![CDATA[testVerifyProdcutVersion Is Passed]]>
            </line>
          </reporter-output>
        </test-method> <!-- CloseApp -->
      </class> <!-- script.VerifyProductVersion -->
    </test> <!-- Default test -->
  </suite> <!-- Default suite -->
</testng-results>
